INFO    : PreTeXt-CLI version: 2.6.1

INFO    : PreTeXt project found in `/home/rommel/EDITORIAL/test/proyectos_genericos_pretext/libro-pretext-generico`.
WARNING : Using CLI version 2.6.1 but project's `requirements.txt`
WARNING : is configured to use 2.0.1. Consider either installing
WARNING : CLI version 2.0.1 or running `pretext init --refresh`
WARNING : to update `requirements.txt` to match 2.6.1.
INFO    : Building target web
INFO    : Preparing to build into /home/rommel/EDITORIAL/test/proyectos_genericos_pretext/libro-pretext-generico/output/web.
INFO    : discovering source file's directory name: /home/rommel/EDITORIAL/test/proyectos_genericos_pretext/libro-pretext-generico/source
INFO    : verifying and expanding input directory: /home/rommel/EDITORIAL/test/proyectos_genericos_pretext/libro-pretext-generico/source/../generated-assets
INFO    : input directory expanded to absolute path: /home/rommel/EDITORIAL/test/proyectos_genericos_pretext/libro-pretext-generico/generated-assets
INFO    : verifying and expanding input directory: /home/rommel/EDITORIAL/test/proyectos_genericos_pretext/libro-pretext-generico/source/../assets
INFO    : input directory expanded to absolute path: /home/rommel/EDITORIAL/test/proyectos_genericos_pretext/libro-pretext-generico/assets
INFO    : Runestone Services (via PreTeXt repository): version 7.3.3
INFO    : Runestone Services (using newer, via online CDN query): version 7.3.6
INFO    : Using existing Runestone Services located in /home/rommel/EDITORIAL/test/proyectos_genericos_pretext/libro-pretext-generico/output/web/_static. Delete Runestone files there to force a fresh download.
INFO    : converting /home/rommel/EDITORIAL/test/proyectos_genericos_pretext/libro-pretext-generico/source/main.ptx to HTML in /tmp/ptx-7ay_d6yr
INFO    : XSL conversion of /home/rommel/EDITORIAL/test/proyectos_genericos_pretext/libro-pretext-generico/source/main.ptx by /home/rommel/.ptx/2.6.1/core/xsl/pretext-html.xsl
INFO    : messages from the log for XSL processing:
WARNING : * PTX:DEPRECATE: (2023-08-08) a "website" element with "address" and "name" children has changed.  Continue to use the "website" element as before, but replace the "address" and "name" children with a single "url" element, which is more flexible and reliable.  We will try to honor your intent, but you may prefer your own adjustments. (1 time)
INFO    : *              located within: "front-colophon" (xml:id)
INFO    : * --------------
INFO    : successful application of /home/rommel/.ptx/2.6.1/core/xsl/pretext-html.xsl
INFO    : 
Success! Run `pretext view` to see the results.

INFO    : 
